2003.12.13 19:10 B E:\Documents and Settings\Adam Knox\My Documents\Web Sites\arcade area\html\current design\site\blank.html --> ftp.arcadearea.thefreeserver.com /var/www/html/site blank.html
2003.12.13 19:10 B E:\Documents and Settings\Adam Knox\My Documents\Web Sites\arcade area\html\current design\site\list1.html --> ftp.arcadearea.thefreeserver.com /var/www/html/site list1.html
2003.12.13 19:10 B E:\Documents and Settings\Adam Knox\My Documents\Web Sites\arcade area\html\current design\site\news.html --> ftp.arcadearea.thefreeserver.com /var/www/html/site news.html
2003.12.13 19:13 B E:\Documents and Settings\Adam Knox\My Documents\Web Sites\arcade area\html\current design\site\news.html --> ftp.arcadearea.thefreeserver.com /var/www/html/site news.html
2003.12.13 21:22 B E:\Documents and Settings\Adam Knox\My Documents\Web Sites\arcade area\html\current design\site\ads.php --> ftp.arcadearea.thefreeserver.com /var/www/html/site ads.php
2003.12.13 21:22 B E:\Documents and Settings\Adam Knox\My Documents\Web Sites\arcade area\html\current design\site\blank.html --> ftp.arcadearea.thefreeserver.com /var/www/html/site blank.html
2003.12.13 21:22 B E:\Documents and Settings\Adam Knox\My Documents\Web Sites\arcade area\html\current design\site\list1.html --> ftp.arcadearea.thefreeserver.com /var/www/html/site list1.html
2003.12.13 21:22 B E:\Documents and Settings\Adam Knox\My Documents\Web Sites\arcade area\html\current design\site\list3.html --> ftp.arcadearea.thefreeserver.com /var/www/html/site list3.html
2003.12.13 21:22 B E:\Documents and Settings\Adam Knox\My Documents\Web Sites\arcade area\html\current design\site\multiplayer.html --> ftp.arcadearea.thefreeserver.com /var/www/html/site multiplayer.html
2003.12.13 21:22 B E:\Documents and Settings\Adam Knox\My Documents\Web Sites\arcade area\html\current design\site\news.html --> ftp.arcadearea.thefreeserver.com /var/www/html/site news.html
2003.12.14 15:13 B E:\Documents and Settings\Adam Knox\My Documents\Web Sites\arcade area\html\current design\site\ads.php --> ftp.arcadearea.thefreeserver.com /var/www/html/site ads.php
2003.12.14 15:13 B E:\Documents and Settings\Adam Knox\My Documents\Web Sites\arcade area\html\current design\site\blank.html --> ftp.arcadearea.thefreeserver.com /var/www/html/site blank.html
2003.12.14 15:13 B E:\Documents and Settings\Adam Knox\My Documents\Web Sites\arcade area\html\current design\site\list1.html --> ftp.arcadearea.thefreeserver.com /var/www/html/site list1.html
2003.12.14 15:13 B E:\Documents and Settings\Adam Knox\My Documents\Web Sites\arcade area\html\current design\site\list2.html --> ftp.arcadearea.thefreeserver.com /var/www/html/site list2.html
2003.12.14 15:13 B E:\Documents and Settings\Adam Knox\My Documents\Web Sites\arcade area\html\current design\site\list3.html --> ftp.arcadearea.thefreeserver.com /var/www/html/site list3.html
2003.12.14 15:13 B E:\Documents and Settings\Adam Knox\My Documents\Web Sites\arcade area\html\current design\site\multiplayer.html --> ftp.arcadearea.thefreeserver.com /var/www/html/site multiplayer.html
2003.12.14 15:13 B E:\Documents and Settings\Adam Knox\My Documents\Web Sites\arcade area\html\current design\site\news.html --> ftp.arcadearea.thefreeserver.com /var/www/html/site news.html
2003.12.14 17:35 B E:\Documents and Settings\Adam Knox\My Documents\Web Sites\arcade area\html\current design\low\site\ads.php --> ftp.arcadearea.thefreeserver.com /var/www/html/low/site ads.php
2003.12.14 17:35 B E:\Documents and Settings\Adam Knox\My Documents\Web Sites\arcade area\html\current design\low\site\blank.html --> ftp.arcadearea.thefreeserver.com /var/www/html/low/site blank.html
2003.12.14 17:35 B E:\Documents and Settings\Adam Knox\My Documents\Web Sites\arcade area\html\current design\low\site\list1.html --> ftp.arcadearea.thefreeserver.com /var/www/html/low/site list1.html
2003.12.14 17:35 B E:\Documents and Settings\Adam Knox\My Documents\Web Sites\arcade area\html\current design\low\site\list2.html --> ftp.arcadearea.thefreeserver.com /var/www/html/low/site list2.html
2003.12.14 17:35 B E:\Documents and Settings\Adam Knox\My Documents\Web Sites\arcade area\html\current design\low\site\list3.html --> ftp.arcadearea.thefreeserver.com /var/www/html/low/site list3.html
2003.12.14 17:35 B E:\Documents and Settings\Adam Knox\My Documents\Web Sites\arcade area\html\current design\low\site\multiplayer.html --> ftp.arcadearea.thefreeserver.com /var/www/html/low/site multiplayer.html
2003.12.14 17:36 B E:\Documents and Settings\Adam Knox\My Documents\Web Sites\arcade area\html\current design\low\site\news.html --> ftp.arcadearea.thefreeserver.com /var/www/html/low/site news.html
2003.12.14 17:36 B E:\Documents and Settings\Adam Knox\My Documents\Web Sites\arcade area\html\current design\low\site\WS_FTP.LOG --> ftp.arcadearea.thefreeserver.com /var/www/html/low/site WS_FTP.LOG
2004.08.27 14:52 B E:\Documents and Settings\Adam Knox\Desktop\Skate World\subdomains\arcade area\1 Current Design\V1\low\site\ads.php --> ftp.skate-world.net /public_html/arcadearea/low/site ads.php
2004.08.27 14:52 B E:\Documents and Settings\Adam Knox\Desktop\Skate World\subdomains\arcade area\1 Current Design\V1\low\site\blank.html --> ftp.skate-world.net /public_html/arcadearea/low/site blank.html
2004.08.27 14:52 B E:\Documents and Settings\Adam Knox\Desktop\Skate World\subdomains\arcade area\1 Current Design\V1\low\site\list1.html --> ftp.skate-world.net /public_html/arcadearea/low/site list1.html
2004.08.27 14:52 B E:\Documents and Settings\Adam Knox\Desktop\Skate World\subdomains\arcade area\1 Current Design\V1\low\site\list2.html --> ftp.skate-world.net /public_html/arcadearea/low/site list2.html
2004.08.27 14:52 B E:\Documents and Settings\Adam Knox\Desktop\Skate World\subdomains\arcade area\1 Current Design\V1\low\site\list3.html --> ftp.skate-world.net /public_html/arcadearea/low/site list3.html
2004.08.27 14:52 B E:\Documents and Settings\Adam Knox\Desktop\Skate World\subdomains\arcade area\1 Current Design\V1\low\site\multiplayer.html --> ftp.skate-world.net /public_html/arcadearea/low/site multiplayer.html
2004.08.27 14:52 B E:\Documents and Settings\Adam Knox\Desktop\Skate World\subdomains\arcade area\1 Current Design\V1\low\site\news.html --> ftp.skate-world.net /public_html/arcadearea/low/site news.html
2004.08.27 14:52 B E:\Documents and Settings\Adam Knox\Desktop\Skate World\subdomains\arcade area\1 Current Design\V1\low\site\WS_FTP.LOG --> ftp.skate-world.net /public_html/arcadearea/low/site WS_FTP.LOG
